<?xml version="1.0" encoding="UTF-8"?>
<testsuite xmlns:xsi="http://www.w3.org/2001/XMLSchema-instance" xsi:noNamespaceSchemaLocation="https://maven.apache.org/surefire/maven-surefire-plugin/xsd/surefire-test-report.xsd" name="com.rest.webservices.restfulwebservice.RestfulwebserviceApplicationTests" time="6.052" tests="1" errors="0" skipped="0" failures="0">
  <properties>
    <property name="sun.desktop" value="windows"/>
    <property name="awt.toolkit" value="sun.awt.windows.WToolkit"/>
    <property name="file.encoding.pkg" value="sun.io"/>
    <property name="java.specification.version" value="1.8"/>
    <property name="sun.cpu.isalist" value="amd64"/>
    <property name="sun.jnu.encoding" value="Cp1252"/>
    <property name="java.class.path" value="C:\Users\3785762\Documents\restfulwebservice\target\test-classes;C:\Users\3785762\Documents\restfulwebservice\target\classes;C:\Users\3785762\.m2\repository\org\springframework\boot\spring-boot-starter-actuator\2.2.0.M3\spring-boot-starter-actuator-2.2.0.M3.jar;C:\Users\3785762\.m2\repository\org\springframework\boot\spring-boot-starter\2.2.0.M3\spring-boot-starter-2.2.0.M3.jar;C:\Users\3785762\.m2\repository\org\springframework\boot\spring-boot-starter-logging\2.2.0.M3\spring-boot-starter-logging-2.2.0.M3.jar;C:\Users\3785762\.m2\repository\ch\qos\logback\logback-classic\1.2.3\logback-classic-1.2.3.jar;C:\Users\3785762\.m2\repository\ch\qos\logback\logback-core\1.2.3\logback-core-1.2.3.jar;C:\Users\3785762\.m2\repository\org\apache\logging\log4j\log4j-to-slf4j\2.11.2\log4j-to-slf4j-2.11.2.jar;C:\Users\3785762\.m2\repository\org\apache\logging\log4j\log4j-api\2.11.2\log4j-api-2.11.2.jar;C:\Users\3785762\.m2\repository\org\slf4j\jul-to-slf4j\1.7.26\jul-to-slf4j-1.7.26.jar;C:\Users\3785762\.m2\repository\jakarta\annotation\jakarta.annotation-api\1.3.4\jakarta.annotation-api-1.3.4.jar;C:\Users\3785762\.m2\repository\org\yaml\snakeyaml\1.24\snakeyaml-1.24.jar;C:\Users\3785762\.m2\repository\org\springframework\boot\spring-boot-actuator-autoconfigure\2.2.0.M3\spring-boot-actuator-autoconfigure-2.2.0.M3.jar;C:\Users\3785762\.m2\repository\org\springframework\boot\spring-boot-actuator\2.2.0.M3\spring-boot-actuator-2.2.0.M3.jar;C:\Users\3785762\.m2\repository\com\fasterxml\jackson\core\jackson-databind\2.9.8\jackson-databind-2.9.8.jar;C:\Users\3785762\.m2\repository\com\fasterxml\jackson\core\jackson-annotations\2.9.0\jackson-annotations-2.9.0.jar;C:\Users\3785762\.m2\repository\com\fasterxml\jackson\core\jackson-core\2.9.8\jackson-core-2.9.8.jar;C:\Users\3785762\.m2\repository\org\springframework\spring-context\5.2.0.M2\spring-context-5.2.0.M2.jar;C:\Users\3785762\.m2\repository\com\fasterxml\jackson\datatype\jackson-datatype-jsr310\2.9.8\jackson-datatype-jsr310-2.9.8.jar;C:\Users\3785762\.m2\repository\io\micrometer\micrometer-core\1.1.4\micrometer-core-1.1.4.jar;C:\Users\3785762\.m2\repository\org\hdrhistogram\HdrHistogram\2.1.9\HdrHistogram-2.1.9.jar;C:\Users\3785762\.m2\repository\org\latencyutils\LatencyUtils\2.0.3\LatencyUtils-2.0.3.jar;C:\Users\3785762\.m2\repository\org\springframework\boot\spring-boot-starter-thymeleaf\2.2.0.M3\spring-boot-starter-thymeleaf-2.2.0.M3.jar;C:\Users\3785762\.m2\repository\org\thymeleaf\thymeleaf-spring5\3.0.11.RELEASE\thymeleaf-spring5-3.0.11.RELEASE.jar;C:\Users\3785762\.m2\repository\org\thymeleaf\thymeleaf\3.0.11.RELEASE\thymeleaf-3.0.11.RELEASE.jar;C:\Users\3785762\.m2\repository\org\attoparser\attoparser\2.0.5.RELEASE\attoparser-2.0.5.RELEASE.jar;C:\Users\3785762\.m2\repository\org\unbescape\unbescape\1.1.6.RELEASE\unbescape-1.1.6.RELEASE.jar;C:\Users\3785762\.m2\repository\org\slf4j\slf4j-api\1.7.26\slf4j-api-1.7.26.jar;C:\Users\3785762\.m2\repository\org\thymeleaf\extras\thymeleaf-extras-java8time\3.0.4.RELEASE\thymeleaf-extras-java8time-3.0.4.RELEASE.jar;C:\Users\3785762\.m2\repository\org\springframework\boot\spring-boot-starter-web\2.2.0.M3\spring-boot-starter-web-2.2.0.M3.jar;C:\Users\3785762\.m2\repository\org\springframework\boot\spring-boot-starter-json\2.2.0.M3\spring-boot-starter-json-2.2.0.M3.jar;C:\Users\3785762\.m2\repository\com\fasterxml\jackson\datatype\jackson-datatype-jdk8\2.9.8\jackson-datatype-jdk8-2.9.8.jar;C:\Users\3785762\.m2\repository\com\fasterxml\jackson\module\jackson-module-parameter-names\2.9.8\jackson-module-parameter-names-2.9.8.jar;C:\Users\3785762\.m2\repository\org\springframework\boot\spring-boot-starter-tomcat\2.2.0.M3\spring-boot-starter-tomcat-2.2.0.M3.jar;C:\Users\3785762\.m2\repository\org\apache\tomcat\embed\tomcat-embed-core\9.0.19\tomcat-embed-core-9.0.19.jar;C:\Users\3785762\.m2\repository\org\apache\tomcat\embed\tomcat-embed-el\9.0.19\tomcat-embed-el-9.0.19.jar;C:\Users\3785762\.m2\repository\org\apache\tomcat\embed\tomcat-embed-websocket\9.0.19\tomcat-embed-websocket-9.0.19.jar;C:\Users\3785762\.m2\repository\org\springframework\boot\spring-boot-starter-validation\2.2.0.M3\spring-boot-starter-validation-2.2.0.M3.jar;C:\Users\3785762\.m2\repository\jakarta\validation\jakarta.validation-api\2.0.1\jakarta.validation-api-2.0.1.jar;C:\Users\3785762\.m2\repository\org\hibernate\validator\hibernate-validator\6.0.16.Final\hibernate-validator-6.0.16.Final.jar;C:\Users\3785762\.m2\repository\org\jboss\logging\jboss-logging\3.3.2.Final\jboss-logging-3.3.2.Final.jar;C:\Users\3785762\.m2\repository\com\fasterxml\classmate\1.5.0\classmate-1.5.0.jar;C:\Users\3785762\.m2\repository\org\springframework\spring-web\5.2.0.M2\spring-web-5.2.0.M2.jar;C:\Users\3785762\.m2\repository\org\springframework\spring-beans\5.2.0.M2\spring-beans-5.2.0.M2.jar;C:\Users\3785762\.m2\repository\org\springframework\spring-webmvc\5.2.0.M2\spring-webmvc-5.2.0.M2.jar;C:\Users\3785762\.m2\repository\org\springframework\spring-aop\5.2.0.M2\spring-aop-5.2.0.M2.jar;C:\Users\3785762\.m2\repository\org\springframework\spring-expression\5.2.0.M2\spring-expression-5.2.0.M2.jar;C:\Users\3785762\.m2\repository\org\springframework\boot\spring-boot-devtools\2.2.0.M3\spring-boot-devtools-2.2.0.M3.jar;C:\Users\3785762\.m2\repository\org\springframework\boot\spring-boot\2.2.0.M3\spring-boot-2.2.0.M3.jar;C:\Users\3785762\.m2\repository\org\springframework\boot\spring-boot-autoconfigure\2.2.0.M3\spring-boot-autoconfigure-2.2.0.M3.jar;C:\Users\3785762\.m2\repository\org\springframework\boot\spring-boot-starter-test\2.2.0.M3\spring-boot-starter-test-2.2.0.M3.jar;C:\Users\3785762\.m2\repository\org\springframework\boot\spring-boot-test\2.2.0.M3\spring-boot-test-2.2.0.M3.jar;C:\Users\3785762\.m2\repository\org\springframework\boot\spring-boot-test-autoconfigure\2.2.0.M3\spring-boot-test-autoconfigure-2.2.0.M3.jar;C:\Users\3785762\.m2\repository\com\jayway\jsonpath\json-path\2.4.0\json-path-2.4.0.jar;C:\Users\3785762\.m2\repository\net\minidev\json-smart\2.3\json-smart-2.3.jar;C:\Users\3785762\.m2\repository\net\minidev\accessors-smart\1.2\accessors-smart-1.2.jar;C:\Users\3785762\.m2\repository\org\ow2\asm\asm\5.0.4\asm-5.0.4.jar;C:\Users\3785762\.m2\repository\jakarta\xml\bind\jakarta.xml.bind-api\2.3.2\jakarta.xml.bind-api-2.3.2.jar;C:\Users\3785762\.m2\repository\jakarta\activation\jakarta.activation-api\1.2.1\jakarta.activation-api-1.2.1.jar;C:\Users\3785762\.m2\repository\org\junit\jupiter\junit-jupiter\5.4.2\junit-jupiter-5.4.2.jar;C:\Users\3785762\.m2\repository\org\junit\jupiter\junit-jupiter-api\5.4.2\junit-jupiter-api-5.4.2.jar;C:\Users\3785762\.m2\repository\org\apiguardian\apiguardian-api\1.0.0\apiguardian-api-1.0.0.jar;C:\Users\3785762\.m2\repository\org\opentest4j\opentest4j\1.1.1\opentest4j-1.1.1.jar;C:\Users\3785762\.m2\repository\org\junit\platform\junit-platform-commons\1.4.2\junit-platform-commons-1.4.2.jar;C:\Users\3785762\.m2\repository\org\junit\jupiter\junit-jupiter-params\5.4.2\junit-jupiter-params-5.4.2.jar;C:\Users\3785762\.m2\repository\org\junit\jupiter\junit-jupiter-engine\5.4.2\junit-jupiter-engine-5.4.2.jar;C:\Users\3785762\.m2\repository\org\junit\platform\junit-platform-engine\1.4.2\junit-platform-engine-1.4.2.jar;C:\Users\3785762\.m2\repository\org\mockito\mockito-junit-jupiter\2.27.0\mockito-junit-jupiter-2.27.0.jar;C:\Users\3785762\.m2\repository\org\assertj\assertj-core\3.12.2\assertj-core-3.12.2.jar;C:\Users\3785762\.m2\repository\org\hamcrest\hamcrest-core\1.3\hamcrest-core-1.3.jar;C:\Users\3785762\.m2\repository\org\hamcrest\hamcrest-library\1.3\hamcrest-library-1.3.jar;C:\Users\3785762\.m2\repository\org\mockito\mockito-core\2.27.0\mockito-core-2.27.0.jar;C:\Users\3785762\.m2\repository\net\bytebuddy\byte-buddy\1.9.12\byte-buddy-1.9.12.jar;C:\Users\3785762\.m2\repository\net\bytebuddy\byte-buddy-agent\1.9.12\byte-buddy-agent-1.9.12.jar;C:\Users\3785762\.m2\repository\org\objenesis\objenesis\2.6\objenesis-2.6.jar;C:\Users\3785762\.m2\repository\org\skyscreamer\jsonassert\1.5.0\jsonassert-1.5.0.jar;C:\Users\3785762\.m2\repository\com\vaadin\external\google\android-json\0.0.20131108.vaadin1\android-json-0.0.20131108.vaadin1.jar;C:\Users\3785762\.m2\repository\org\springframework\spring-core\5.2.0.M2\spring-core-5.2.0.M2.jar;C:\Users\3785762\.m2\repository\org\springframework\spring-jcl\5.2.0.M2\spring-jcl-5.2.0.M2.jar;C:\Users\3785762\.m2\repository\org\springframework\spring-test\5.2.0.M2\spring-test-5.2.0.M2.jar;C:\Users\3785762\.m2\repository\org\xmlunit\xmlunit-core\2.6.2\xmlunit-core-2.6.2.jar;"/>
    <property name="java.vm.vendor" value="Oracle Corporation"/>
    <property name="sun.arch.data.model" value="64"/>
    <property name="user.variant" value=""/>
    <property name="java.vendor.url" value="http://java.oracle.com/"/>
    <property name="user.timezone" value="America/Chicago"/>
    <property name="java.vm.specification.version" value="1.8"/>
    <property name="os.name" value="Windows 10"/>
    <property name="user.country" value="US"/>
    <property name="sun.java.launcher" value="SUN_STANDARD"/>
    <property name="sun.boot.library.path" value="C:\Program Files\Java\jdk1.8.0_144\jre\bin"/>
    <property name="sun.java.command" value="C:\Users\3785762\AppData\Local\Temp\surefire7744162667299431931\surefirebooter4196402889487069085.jar C:\Users\3785762\AppData\Local\Temp\surefire7744162667299431931 2019-06-13T09-59-33_966-jvmRun1 surefire5246773979895508136tmp surefire_03623294315785398988tmp"/>
    <property name="surefire.test.class.path" value="C:\Users\3785762\Documents\restfulwebservice\target\test-classes;C:\Users\3785762\Documents\restfulwebservice\target\classes;C:\Users\3785762\.m2\repository\org\springframework\boot\spring-boot-starter-actuator\2.2.0.M3\spring-boot-starter-actuator-2.2.0.M3.jar;C:\Users\3785762\.m2\repository\org\springframework\boot\spring-boot-starter\2.2.0.M3\spring-boot-starter-2.2.0.M3.jar;C:\Users\3785762\.m2\repository\org\springframework\boot\spring-boot-starter-logging\2.2.0.M3\spring-boot-starter-logging-2.2.0.M3.jar;C:\Users\3785762\.m2\repository\ch\qos\logback\logback-classic\1.2.3\logback-classic-1.2.3.jar;C:\Users\3785762\.m2\repository\ch\qos\logback\logback-core\1.2.3\logback-core-1.2.3.jar;C:\Users\3785762\.m2\repository\org\apache\logging\log4j\log4j-to-slf4j\2.11.2\log4j-to-slf4j-2.11.2.jar;C:\Users\3785762\.m2\repository\org\apache\logging\log4j\log4j-api\2.11.2\log4j-api-2.11.2.jar;C:\Users\3785762\.m2\repository\org\slf4j\jul-to-slf4j\1.7.26\jul-to-slf4j-1.7.26.jar;C:\Users\3785762\.m2\repository\jakarta\annotation\jakarta.annotation-api\1.3.4\jakarta.annotation-api-1.3.4.jar;C:\Users\3785762\.m2\repository\org\yaml\snakeyaml\1.24\snakeyaml-1.24.jar;C:\Users\3785762\.m2\repository\org\springframework\boot\spring-boot-actuator-autoconfigure\2.2.0.M3\spring-boot-actuator-autoconfigure-2.2.0.M3.jar;C:\Users\3785762\.m2\repository\org\springframework\boot\spring-boot-actuator\2.2.0.M3\spring-boot-actuator-2.2.0.M3.jar;C:\Users\3785762\.m2\repository\com\fasterxml\jackson\core\jackson-databind\2.9.8\jackson-databind-2.9.8.jar;C:\Users\3785762\.m2\repository\com\fasterxml\jackson\core\jackson-annotations\2.9.0\jackson-annotations-2.9.0.jar;C:\Users\3785762\.m2\repository\com\fasterxml\jackson\core\jackson-core\2.9.8\jackson-core-2.9.8.jar;C:\Users\3785762\.m2\repository\org\springframework\spring-context\5.2.0.M2\spring-context-5.2.0.M2.jar;C:\Users\3785762\.m2\repository\com\fasterxml\jackson\datatype\jackson-datatype-jsr310\2.9.8\jackson-datatype-jsr310-2.9.8.jar;C:\Users\3785762\.m2\repository\io\micrometer\micrometer-core\1.1.4\micrometer-core-1.1.4.jar;C:\Users\3785762\.m2\repository\org\hdrhistogram\HdrHistogram\2.1.9\HdrHistogram-2.1.9.jar;C:\Users\3785762\.m2\repository\org\latencyutils\LatencyUtils\2.0.3\LatencyUtils-2.0.3.jar;C:\Users\3785762\.m2\repository\org\springframework\boot\spring-boot-starter-thymeleaf\2.2.0.M3\spring-boot-starter-thymeleaf-2.2.0.M3.jar;C:\Users\3785762\.m2\repository\org\thymeleaf\thymeleaf-spring5\3.0.11.RELEASE\thymeleaf-spring5-3.0.11.RELEASE.jar;C:\Users\3785762\.m2\repository\org\thymeleaf\thymeleaf\3.0.11.RELEASE\thymeleaf-3.0.11.RELEASE.jar;C:\Users\3785762\.m2\repository\org\attoparser\attoparser\2.0.5.RELEASE\attoparser-2.0.5.RELEASE.jar;C:\Users\3785762\.m2\repository\org\unbescape\unbescape\1.1.6.RELEASE\unbescape-1.1.6.RELEASE.jar;C:\Users\3785762\.m2\repository\org\slf4j\slf4j-api\1.7.26\slf4j-api-1.7.26.jar;C:\Users\3785762\.m2\repository\org\thymeleaf\extras\thymeleaf-extras-java8time\3.0.4.RELEASE\thymeleaf-extras-java8time-3.0.4.RELEASE.jar;C:\Users\3785762\.m2\repository\org\springframework\boot\spring-boot-starter-web\2.2.0.M3\spring-boot-starter-web-2.2.0.M3.jar;C:\Users\3785762\.m2\repository\org\springframework\boot\spring-boot-starter-json\2.2.0.M3\spring-boot-starter-json-2.2.0.M3.jar;C:\Users\3785762\.m2\repository\com\fasterxml\jackson\datatype\jackson-datatype-jdk8\2.9.8\jackson-datatype-jdk8-2.9.8.jar;C:\Users\3785762\.m2\repository\com\fasterxml\jackson\module\jackson-module-parameter-names\2.9.8\jackson-module-parameter-names-2.9.8.jar;C:\Users\3785762\.m2\repository\org\springframework\boot\spring-boot-starter-tomcat\2.2.0.M3\spring-boot-starter-tomcat-2.2.0.M3.jar;C:\Users\3785762\.m2\repository\org\apache\tomcat\embed\tomcat-embed-core\9.0.19\tomcat-embed-core-9.0.19.jar;C:\Users\3785762\.m2\repository\org\apache\tomcat\embed\tomcat-embed-el\9.0.19\tomcat-embed-el-9.0.19.jar;C:\Users\3785762\.m2\repository\org\apache\tomcat\embed\tomcat-embed-websocket\9.0.19\tomcat-embed-websocket-9.0.19.jar;C:\Users\3785762\.m2\repository\org\springframework\boot\spring-boot-starter-validation\2.2.0.M3\spring-boot-starter-validation-2.2.0.M3.jar;C:\Users\3785762\.m2\repository\jakarta\validation\jakarta.validation-api\2.0.1\jakarta.validation-api-2.0.1.jar;C:\Users\3785762\.m2\repository\org\hibernate\validator\hibernate-validator\6.0.16.Final\hibernate-validator-6.0.16.Final.jar;C:\Users\3785762\.m2\repository\org\jboss\logging\jboss-logging\3.3.2.Final\jboss-logging-3.3.2.Final.jar;C:\Users\3785762\.m2\repository\com\fasterxml\classmate\1.5.0\classmate-1.5.0.jar;C:\Users\3785762\.m2\repository\org\springframework\spring-web\5.2.0.M2\spring-web-5.2.0.M2.jar;C:\Users\3785762\.m2\repository\org\springframework\spring-beans\5.2.0.M2\spring-beans-5.2.0.M2.jar;C:\Users\3785762\.m2\repository\org\springframework\spring-webmvc\5.2.0.M2\spring-webmvc-5.2.0.M2.jar;C:\Users\3785762\.m2\repository\org\springframework\spring-aop\5.2.0.M2\spring-aop-5.2.0.M2.jar;C:\Users\3785762\.m2\repository\org\springframework\spring-expression\5.2.0.M2\spring-expression-5.2.0.M2.jar;C:\Users\3785762\.m2\repository\org\springframework\boot\spring-boot-devtools\2.2.0.M3\spring-boot-devtools-2.2.0.M3.jar;C:\Users\3785762\.m2\repository\org\springframework\boot\spring-boot\2.2.0.M3\spring-boot-2.2.0.M3.jar;C:\Users\3785762\.m2\repository\org\springframework\boot\spring-boot-autoconfigure\2.2.0.M3\spring-boot-autoconfigure-2.2.0.M3.jar;C:\Users\3785762\.m2\repository\org\springframework\boot\spring-boot-starter-test\2.2.0.M3\spring-boot-starter-test-2.2.0.M3.jar;C:\Users\3785762\.m2\repository\org\springframework\boot\spring-boot-test\2.2.0.M3\spring-boot-test-2.2.0.M3.jar;C:\Users\3785762\.m2\repository\org\springframework\boot\spring-boot-test-autoconfigure\2.2.0.M3\spring-boot-test-autoconfigure-2.2.0.M3.jar;C:\Users\3785762\.m2\repository\com\jayway\jsonpath\json-path\2.4.0\json-path-2.4.0.jar;C:\Users\3785762\.m2\repository\net\minidev\json-smart\2.3\json-smart-2.3.jar;C:\Users\3785762\.m2\repository\net\minidev\accessors-smart\1.2\accessors-smart-1.2.jar;C:\Users\3785762\.m2\repository\org\ow2\asm\asm\5.0.4\asm-5.0.4.jar;C:\Users\3785762\.m2\repository\jakarta\xml\bind\jakarta.xml.bind-api\2.3.2\jakarta.xml.bind-api-2.3.2.jar;C:\Users\3785762\.m2\repository\jakarta\activation\jakarta.activation-api\1.2.1\jakarta.activation-api-1.2.1.jar;C:\Users\3785762\.m2\repository\org\junit\jupiter\junit-jupiter\5.4.2\junit-jupiter-5.4.2.jar;C:\Users\3785762\.m2\repository\org\junit\jupiter\junit-jupiter-api\5.4.2\junit-jupiter-api-5.4.2.jar;C:\Users\3785762\.m2\repository\org\apiguardian\apiguardian-api\1.0.0\apiguardian-api-1.0.0.jar;C:\Users\3785762\.m2\repository\org\opentest4j\opentest4j\1.1.1\opentest4j-1.1.1.jar;C:\Users\3785762\.m2\repository\org\junit\platform\junit-platform-commons\1.4.2\junit-platform-commons-1.4.2.jar;C:\Users\3785762\.m2\repository\org\junit\jupiter\junit-jupiter-params\5.4.2\junit-jupiter-params-5.4.2.jar;C:\Users\3785762\.m2\repository\org\junit\jupiter\junit-jupiter-engine\5.4.2\junit-jupiter-engine-5.4.2.jar;C:\Users\3785762\.m2\repository\org\junit\platform\junit-platform-engine\1.4.2\junit-platform-engine-1.4.2.jar;C:\Users\3785762\.m2\repository\org\mockito\mockito-junit-jupiter\2.27.0\mockito-junit-jupiter-2.27.0.jar;C:\Users\3785762\.m2\repository\org\assertj\assertj-core\3.12.2\assertj-core-3.12.2.jar;C:\Users\3785762\.m2\repository\org\hamcrest\hamcrest-core\1.3\hamcrest-core-1.3.jar;C:\Users\3785762\.m2\repository\org\hamcrest\hamcrest-library\1.3\hamcrest-library-1.3.jar;C:\Users\3785762\.m2\repository\org\mockito\mockito-core\2.27.0\mockito-core-2.27.0.jar;C:\Users\3785762\.m2\repository\net\bytebuddy\byte-buddy\1.9.12\byte-buddy-1.9.12.jar;C:\Users\3785762\.m2\repository\net\bytebuddy\byte-buddy-agent\1.9.12\byte-buddy-agent-1.9.12.jar;C:\Users\3785762\.m2\repository\org\objenesis\objenesis\2.6\objenesis-2.6.jar;C:\Users\3785762\.m2\repository\org\skyscreamer\jsonassert\1.5.0\jsonassert-1.5.0.jar;C:\Users\3785762\.m2\repository\com\vaadin\external\google\android-json\0.0.20131108.vaadin1\android-json-0.0.20131108.vaadin1.jar;C:\Users\3785762\.m2\repository\org\springframework\spring-core\5.2.0.M2\spring-core-5.2.0.M2.jar;C:\Users\3785762\.m2\repository\org\springframework\spring-jcl\5.2.0.M2\spring-jcl-5.2.0.M2.jar;C:\Users\3785762\.m2\repository\org\springframework\spring-test\5.2.0.M2\spring-test-5.2.0.M2.jar;C:\Users\3785762\.m2\repository\org\xmlunit\xmlunit-core\2.6.2\xmlunit-core-2.6.2.jar;"/>
    <property name="sun.cpu.endian" value="little"/>
    <property name="user.home" value="C:\Users\3785762"/>
    <property name="user.language" value="en"/>
    <property name="java.specification.vendor" value="Oracle Corporation"/>
    <property name="java.home" value="C:\Program Files\Java\jdk1.8.0_144\jre"/>
    <property name="basedir" value="C:\Users\3785762\Documents\restfulwebservice"/>
    <property name="file.separator" value="\"/>
    <property name="line.separator" value="&#10;"/>
    <property name="java.vm.specification.vendor" value="Oracle Corporation"/>
    <property name="java.specification.name" value="Java Platform API Specification"/>
    <property name="java.awt.graphicsenv" value="sun.awt.Win32GraphicsEnvironment"/>
    <property name="surefire.real.class.path" value="C:\Users\3785762\AppData\Local\Temp\surefire7744162667299431931\surefirebooter4196402889487069085.jar"/>
    <property name="sun.boot.class.path" value="C:\Program Files\Java\jdk1.8.0_144\jre\lib\resources.jar;C:\Program Files\Java\jdk1.8.0_144\jre\lib\rt.jar;C:\Program Files\Java\jdk1.8.0_144\jre\lib\sunrsasign.jar;C:\Program Files\Java\jdk1.8.0_144\jre\lib\jsse.jar;C:\Program Files\Java\jdk1.8.0_144\jre\lib\jce.jar;C:\Program Files\Java\jdk1.8.0_144\jre\lib\charsets.jar;C:\Program Files\Java\jdk1.8.0_144\jre\lib\jfr.jar;C:\Program Files\Java\jdk1.8.0_144\jre\classes"/>
    <property name="user.script" value=""/>
    <property name="sun.management.compiler" value="HotSpot 64-Bit Tiered Compilers"/>
    <property name="java.runtime.version" value="1.8.0_144-b01"/>
    <property name="user.name" value="3785762"/>
    <property name="path.separator" value=";"/>
    <property name="os.version" value="10.0"/>
    <property name="java.endorsed.dirs" value="C:\Program Files\Java\jdk1.8.0_144\jre\lib\endorsed"/>
    <property name="java.runtime.name" value="Java(TM) SE Runtime Environment"/>
    <property name="file.encoding" value="Cp1252"/>
    <property name="java.vm.name" value="Java HotSpot(TM) 64-Bit Server VM"/>
    <property name="localRepository" value="C:\Users\3785762\.m2\repository"/>
    <property name="java.vendor.url.bug" value="http://bugreport.sun.com/bugreport/"/>
    <property name="java.io.tmpdir" value="C:\Users\3785762\AppData\Local\Temp\"/>
    <property name="java.version" value="1.8.0_144"/>
    <property name="user.dir" value="C:\Users\3785762\Documents\restfulwebservice"/>
    <property name="os.arch" value="amd64"/>
    <property name="java.vm.specification.name" value="Java Virtual Machine Specification"/>
    <property name="java.awt.printerjob" value="sun.awt.windows.WPrinterJob"/>
    <property name="sun.os.patch.level" value=""/>
    <property name="java.library.path" value="C:\Program Files\Java\jdk1.8.0_144\jre\bin;C:\windows\Sun\Java\bin;C:\windows\system32;C:\windows;C:/Program Files/Java/jre1.8.0_212/bin/server;C:/Program Files/Java/jre1.8.0_212/bin;C:/Program Files/Java/jre1.8.0_212/lib/amd64;C:\Program Files (x86)\Common Files\Oracle\Java\javapath;C:\Program Files (x86)\CA\SC\CAWIN\;C:\windows\system32;C:\windows;C:\windows\System32\Wbem;C:\windows\System32\WindowsPowerShell\v1.0\;C:\windows\System32\OpenSSH\;C:\Program Files (x86)\CA\DSM\bin;C:\Program Files (x86)\CA\SC\CBB\;C:\PROGRA~2\CA\SC\CAM\bin;C:\Program Files (x86)\CA\SC\Csam\SockAdapter\bin;C:\Program Files (x86)\CA\SC\Csam\SockAdapter\bin64;C:\Program Files (x86)\Enterprise Vault\EVClient\;c:\program files (x86)\adaptiva\AdaptivaClient\bin\x32;c:\program files (x86)\adaptiva\AdaptivaClient\bin\x64;C:\Users\3785762\AppData\Local\Microsoft\WindowsApps;C:\Users\3785762\AppData\Local\Programs\Microsoft VS Code\bin;C:\Users\3785762\Documents\ProjectSetup\gradle-4.0.2\bin;C:\Users\3785762\AppData\Local\Programs\Git\cmd;C:\sts-3.9.3.RELEASE;;."/>
    <property name="java.vm.info" value="mixed mode"/>
    <property name="java.vendor" value="Oracle Corporation"/>
    <property name="java.vm.version" value="25.144-b01"/>
    <property name="java.ext.dirs" value="C:\Program Files\Java\jdk1.8.0_144\jre\lib\ext;C:\windows\Sun\Java\lib\ext"/>
    <property name="sun.io.unicode.encoding" value="UnicodeLittle"/>
    <property name="java.class.version" value="52.0"/>
  </properties>
  <testcase name="contextLoads" classname="com.rest.webservices.restfulwebservice.RestfulwebserviceApplicationTests" time="0.35"/>
</testsuite>